<?xml version="1.0" encoding="UTF-8"?>
<testsuite xmlns:xsi="http://www.w3.org/2001/XMLSchema-instance" xsi:noNamespaceSchemaLocation="https://maven.apache.org/surefire/maven-surefire-plugin/xsd/surefire-test-report.xsd" version="3.0.1" name="me.ticster.TokenizeExpressionTest" time="0.005" tests="6" errors="0" skipped="0" failures="0">
  <properties>
    <property name="java.specification.version" value="25"/>
    <property name="sun.cpu.isalist" value="amd64"/>
    <property name="sun.jnu.encoding" value="Cp1252"/>
    <property name="java.class.path" value="E:\Dev\Java\calculator-app\target\test-classes;E:\Dev\Java\calculator-app\target\classes;C:\Users\Frach\.m2\repository\org\openjfx\javafx-controls\25\javafx-controls-25.jar;C:\Users\Frach\.m2\repository\org\openjfx\javafx-controls\25\javafx-controls-25-win.jar;C:\Users\Frach\.m2\repository\org\openjfx\javafx-graphics\25\javafx-graphics-25.jar;C:\Users\Frach\.m2\repository\org\openjfx\javafx-graphics\25\javafx-graphics-25-win.jar;C:\Users\Frach\.m2\repository\org\openjfx\javafx-base\25\javafx-base-25.jar;C:\Users\Frach\.m2\repository\org\openjfx\javafx-base\25\javafx-base-25-win.jar;C:\Users\Frach\.m2\repository\org\junit\jupiter\junit-jupiter-api\5.11.0\junit-jupiter-api-5.11.0.jar;C:\Users\Frach\.m2\repository\org\opentest4j\opentest4j\1.3.0\opentest4j-1.3.0.jar;C:\Users\Frach\.m2\repository\org\junit\platform\junit-platform-commons\1.11.0\junit-platform-commons-1.11.0.jar;C:\Users\Frach\.m2\repository\org\apiguardian\apiguardian-api\1.1.2\apiguardian-api-1.1.2.jar;C:\Users\Frach\.m2\repository\org\junit\jupiter\junit-jupiter-params\5.11.0\junit-jupiter-params-5.11.0.jar;"/>
    <property name="java.vm.vendor" value="Oracle Corporation"/>
    <property name="sun.arch.data.model" value="64"/>
    <property name="user.variant" value=""/>
    <property name="java.vendor.url" value="https://java.oracle.com/"/>
    <property name="user.timezone" value="Europe/Oslo"/>
    <property name="os.name" value="Windows 11"/>
    <property name="java.vm.specification.version" value="25"/>
    <property name="sun.java.launcher" value="SUN_STANDARD"/>
    <property name="user.country" value="GB"/>
    <property name="sun.boot.library.path" value="C:\Program Files\Java\jdk-25\bin"/>
    <property name="sun.java.command" value="C:\Users\Frach\AppData\Local\Temp\surefire232769586715391087\surefirebooter-20251027130013459_3.jar C:\Users\Frach\AppData\Local\Temp\surefire232769586715391087 2025-10-27T13-00-13_368-jvmRun1 surefire-20251027130013459_1tmp surefire_0-20251027130013459_2tmp"/>
    <property name="jdk.debug" value="release"/>
    <property name="surefire.test.class.path" value="E:\Dev\Java\calculator-app\target\test-classes;E:\Dev\Java\calculator-app\target\classes;C:\Users\Frach\.m2\repository\org\openjfx\javafx-controls\25\javafx-controls-25.jar;C:\Users\Frach\.m2\repository\org\openjfx\javafx-controls\25\javafx-controls-25-win.jar;C:\Users\Frach\.m2\repository\org\openjfx\javafx-graphics\25\javafx-graphics-25.jar;C:\Users\Frach\.m2\repository\org\openjfx\javafx-graphics\25\javafx-graphics-25-win.jar;C:\Users\Frach\.m2\repository\org\openjfx\javafx-base\25\javafx-base-25.jar;C:\Users\Frach\.m2\repository\org\openjfx\javafx-base\25\javafx-base-25-win.jar;C:\Users\Frach\.m2\repository\org\junit\jupiter\junit-jupiter-api\5.11.0\junit-jupiter-api-5.11.0.jar;C:\Users\Frach\.m2\repository\org\opentest4j\opentest4j\1.3.0\opentest4j-1.3.0.jar;C:\Users\Frach\.m2\repository\org\junit\platform\junit-platform-commons\1.11.0\junit-platform-commons-1.11.0.jar;C:\Users\Frach\.m2\repository\org\apiguardian\apiguardian-api\1.1.2\apiguardian-api-1.1.2.jar;C:\Users\Frach\.m2\repository\org\junit\jupiter\junit-jupiter-params\5.11.0\junit-jupiter-params-5.11.0.jar;"/>
    <property name="sun.cpu.endian" value="little"/>
    <property name="user.home" value="C:\Users\Frach"/>
    <property name="user.language" value="en"/>
    <property name="java.specification.vendor" value="Oracle Corporation"/>
    <property name="java.version.date" value="2025-09-16"/>
    <property name="java.home" value="C:\Program Files\Java\jdk-25"/>
    <property name="file.separator" value="\"/>
    <property name="basedir" value="E:\Dev\Java\calculator-app"/>
    <property name="java.vm.compressedOopsMode" value="Zero based"/>
    <property name="line.separator" value="&#10;"/>
    <property name="java.vm.specification.vendor" value="Oracle Corporation"/>
    <property name="java.specification.name" value="Java Platform API Specification"/>
    <property name="surefire.real.class.path" value="C:\Users\Frach\AppData\Local\Temp\surefire232769586715391087\surefirebooter-20251027130013459_3.jar"/>
    <property name="user.script" value=""/>
    <property name="sun.management.compiler" value="HotSpot 64-Bit Tiered Compilers"/>
    <property name="java.runtime.version" value="25+37-LTS-3491"/>
    <property name="user.name" value="Frach"/>
    <property name="stdout.encoding" value="Cp1252"/>
    <property name="path.separator" value=";"/>
    <property name="os.version" value="10.0"/>
    <property name="java.runtime.name" value="Java(TM) SE Runtime Environment"/>
    <property name="file.encoding" value="UTF-8"/>
    <property name="java.vm.name" value="Java HotSpot(TM) 64-Bit Server VM"/>
    <property name="localRepository" value="C:\Users\Frach\.m2\repository"/>
    <property name="java.vendor.url.bug" value="https://bugreport.java.com/bugreport/"/>
    <property name="java.io.tmpdir" value="C:\Users\Frach\AppData\Local\Temp\"/>
    <property name="java.version" value="25"/>
    <property name="user.dir" value="E:\Dev\Java\calculator-app"/>
    <property name="os.arch" value="amd64"/>
    <property name="java.vm.specification.name" value="Java Virtual Machine Specification"/>
    <property name="sun.os.patch.level" value=""/>
    <property name="native.encoding" value="Cp1252"/>
    <property name="java.library.path" value="C:\Program Files\Java\jdk-25\bin;C:\WINDOWS\Sun\Java\bin;C:\WINDOWS\system32;C:\WINDOWS;C:\Program Files\Common Files\Oracle\Java\javapath;C:\Program Files\Eclipse Adoptium\jdk-17.0.16.8-hotspot\bin;C:\Python313\Scripts\;C:\Python313\;C:\WINDOWS\system32;C:\WINDOWS;C:\WINDOWS\System32\Wbem;C:\WINDOWS\System32\WindowsPowerShell\v1.0\;C:\WINDOWS\System32\OpenSSH\;C:\Program Files\NVIDIA Corporation\NVIDIA App\NvDLISR;C:\Program Files (x86)\NVIDIA Corporation\PhysX\Common;C:\Program Files (x86)\Microsoft SQL Server\160\Tools\Binn\;C:\Program Files\Microsoft SQL Server\160\Tools\Binn\;C:\Program Files\Microsoft SQL Server\Client SDK\ODBC\170\Tools\Binn\;C:\Program Files\Microsoft SQL Server\160\DTS\Binn\;C:\Program Files\Microsoft SQL Server\170\DTS\Binn\;C:\Program Files\dotnet\;C:\Program Files\nodejs\;C:\ProgramData\chocolatey\bin;C:\Program Files\Docker\Docker\resources\bin;C:\Program Files\Git\cmd;C:\Program Files\apache-maven-3.9.11\bin;C:\Users\Frach\AppData\Local\Microsoft\WindowsApps;;C:\Users\Frach\AppData\Local\JetBrains\JetBrains Rider 2025.1.2\bin;;C:\Program Files\JetBrains\WebStorm 2025.1.2\bin;;C:\Users\Frach\.dotnet\tools;C:\Users\Frach\AppData\Roaming\npm;C:\Program Files\JetBrains\CLion 2025.2.2\bin;C:\Users\Frach\AppData\Local\Programs\Microsoft VS Code\bin;."/>
    <property name="java.vm.info" value="mixed mode, sharing"/>
    <property name="stderr.encoding" value="Cp1252"/>
    <property name="java.vendor" value="Oracle Corporation"/>
    <property name="java.vm.version" value="25+37-LTS-3491"/>
    <property name="stdin.encoding" value="Cp1252"/>
    <property name="sun.io.unicode.encoding" value="UnicodeLittle"/>
    <property name="java.class.version" value="69.0"/>
  </properties>
  <testcase name="testUnaryAddition" classname="me.ticster.TokenizeExpressionTest" time="0.001"/>
  <testcase name="testUnaryMinusAfterOperator" classname="me.ticster.TokenizeExpressionTest" time="0.0"/>
  <testcase name="testUnaryMinusAtExpressionStart" classname="me.ticster.TokenizeExpressionTest" time="0.001"/>
  <testcase name="testAddImplisitMultiplyParenthesis" classname="me.ticster.TokenizeExpressionTest" time="0.0"/>
  <testcase name="testNegativeSumTokenizing" classname="me.ticster.TokenizeExpressionTest" time="0.0"/>
  <testcase name="testUnaryMinusAfterOpenParenthesis" classname="me.ticster.TokenizeExpressionTest" time="0.0"/>
</testsuite>